[15Jul2025 00:00:00.804] [Server thread/INFO] [net.minecraft.server.MinecraftServer/]: Fresita_decaida was slain by Bone Imp
[15Jul2025 00:00:40.708] [Server thread/INFO] [net.minecraft.server.MinecraftServer/]: xUNIx10 has made the advancement [Dark Metallurgy]
[15Jul2025 00:01:02.804] [Server thread/INFO] [net.minecraft.server.MinecraftServer/]: Fresita_decaida was slain by Bone Imp
[15Jul2025 00:02:21.556] [Server thread/INFO] [net.minecraft.server.MinecraftServer/]: Fresita_decaida was slain by Bone Imp
[15Jul2025 00:03:14.904] [Server thread/INFO] [net.minecraft.server.MinecraftServer/]: Fresita_decaida was slain by Bone Imp
[15Jul2025 00:03:49.112] [Server thread/INFO] [net.minecraft.server.players.PlayerList/]: Z1lasaur[/127.13.23.65:44039] logged in with entity id 39827 at (-8.5, 71.0, 10.5)
[15Jul2025 00:03:49.116] [Server thread/INFO] [net.minecraft.server.MinecraftServer/]: Z1lasaur joined the game
[15Jul2025 00:03:59.467] [Server thread/INFO] [net.minecraft.server.network.ServerGamePacketListenerImpl/]: Z1lasaur lost connection: Disconnected
[15Jul2025 00:03:59.467] [Server thread/INFO] [net.minecraft.server.MinecraftServer/]: Z1lasaur left the game
[15Jul2025 00:04:11.555] [Server thread/INFO] [net.minecraft.server.MinecraftServer/]: Fresita_decaida was slain by Bone Imp
[15Jul2025 00:05:00.210] [Server thread/INFO] [net.minecraft.server.MinecraftServer/]: Fresita_decaida was shot by Pillager
[15Jul2025 00:05:34.912] [Server thread/INFO] [net.minecraft.server.players.PlayerList/]: Z1lasaur[/127.13.23.65:38307] logged in with entity id 40781 at (-8.5, 71.0, 10.5)
[15Jul2025 00:05:34.916] [Server thread/INFO] [net.minecraft.server.MinecraftServer/]: Z1lasaur joined the game
[15Jul2025 00:05:44.614] [Server thread/INFO] [net.minecraft.server.network.ServerGamePacketListenerImpl/]: Z1lasaur lost connection: Disconnected
[15Jul2025 00:05:44.614] [Server thread/INFO] [net.minecraft.server.MinecraftServer/]: Z1lasaur left the game
[15Jul2025 00:06:16.055] [Server thread/INFO] [net.minecraft.server.MinecraftServer/]: Fresita_decaida was slain by Bone Imp
[15Jul2025 00:06:52.313] [Server thread/INFO] [net.minecraft.server.players.PlayerList/]: Z1lasaur[/127.13.23.65:51343] logged in with entity id 41290 at (-8.5, 71.0, 10.5)
[15Jul2025 00:06:52.316] [Server thread/INFO] [net.minecraft.server.MinecraftServer/]: Z1lasaur joined the game
[15Jul2025 00:07:01.820] [Server thread/INFO] [net.minecraft.server.network.ServerGamePacketListenerImpl/]: Z1lasaur lost connection: Disconnected
[15Jul2025 00:07:01.821] [Server thread/INFO] [net.minecraft.server.MinecraftServer/]: Z1lasaur left the game
[15Jul2025 00:07:28.312] [Server thread/INFO] [net.minecraft.server.MinecraftServer/]: Fresita_decaida was shot by Pillager
[15Jul2025 00:08:04.262] [Server thread/INFO] [net.minecraft.server.MinecraftServer/]: Fresita_decaida was shot by Pillager
[15Jul2025 00:08:38.107] [Server thread/INFO] [net.minecraft.server.MinecraftServer/]: Fresita_decaida was shot by Pillager
[15Jul2025 00:08:56.458] [Server thread/INFO] [net.minecraft.server.MinecraftServer/]: xUNIx10 was shot by Pillager
[15Jul2025 00:09:08.709] [Server thread/INFO] [net.minecraft.server.MinecraftServer/]: Fresita_decaida was shot by Pillager
[15Jul2025 00:10:00.313] [Server thread/INFO] [net.minecraft.server.MinecraftServer/]: xUNIx10 was shot by Pillager
[15Jul2025 00:10:16.005] [Server thread/INFO] [net.minecraft.server.MinecraftServer/]: xUNIx10 was slain by Skeleton Thrasher
[15Jul2025 00:11:07.260] [Server thread/INFO] [net.minecraft.server.MinecraftServer/]: xUNIx10 was shot by Pillager
[15Jul2025 00:11:20.657] [Server thread/INFO] [net.minecraft.server.MinecraftServer/]: Fresita_decaida was shot by Pillager
[15Jul2025 00:11:55.403] [Server thread/INFO] [net.minecraft.server.MinecraftServer/]: xUNIx10 has made the advancement [Mine? Mine? Mine?]
[15Jul2025 00:14:04.232] [Server thread/INFO] [net.minecraft.server.MinecraftServer/]: xUNIx10 was slain by Bone Imp
[15Jul2025 00:14:24.076] [Server thread/INFO] [net.minecraft.server.players.PlayerList/]: Z1lasaur[/127.13.23.65:41065] logged in with entity id 45836 at (-8.5, 71.0, 10.5)
[15Jul2025 00:14:24.080] [Server thread/INFO] [net.minecraft.server.MinecraftServer/]: Z1lasaur joined the game
[15Jul2025 00:14:33.878] [Server thread/INFO] [net.minecraft.server.network.ServerGamePacketListenerImpl/]: Z1lasaur lost connection: Disconnected
[15Jul2025 00:14:33.878] [Server thread/INFO] [net.minecraft.server.MinecraftServer/]: Z1lasaur left the game
[15Jul2025 00:15:08.026] [Server thread/INFO] [net.minecraft.server.MinecraftServer/]: Fresita_decaida was shot by Skeleton
[15Jul2025 00:15:26.113] [Server thread/INFO] [net.minecraft.server.MinecraftServer/]: xUNIx10 was shot by Supreme Bonescaller
[15Jul2025 00:16:18.470] [Server thread/WARN] [net.minecraft.server.network.ServerGamePacketListenerImpl/]: Fresita_decaida moved too quickly! 8.766040745869418,-3.9591554195121983,-3.053644809805462
[15Jul2025 00:16:58.568] [Server thread/INFO] [net.minecraft.server.players.PlayerList/]: Z1lasaur[/127.13.23.65:55163] logged in with entity id 47844 at (-8.5, 71.0, 10.5)
[15Jul2025 00:16:58.572] [Server thread/INFO] [net.minecraft.server.MinecraftServer/]: Z1lasaur joined the game
[15Jul2025 00:17:07.722] [Server thread/INFO] [net.minecraft.server.network.ServerGamePacketListenerImpl/]: Z1lasaur lost connection: Disconnected
[15Jul2025 00:17:07.723] [Server thread/INFO] [net.minecraft.server.MinecraftServer/]: Z1lasaur left the game
[15Jul2025 00:19:23.078] [Server thread/INFO] [net.minecraft.server.players.PlayerList/]: Z1lasaur[/127.13.23.65:33697] logged in with entity id 48681 at (-8.5, 71.0, 10.5)
[15Jul2025 00:19:23.082] [Server thread/INFO] [net.minecraft.server.MinecraftServer/]: Z1lasaur joined the game
[15Jul2025 00:19:32.374] [Server thread/INFO] [net.minecraft.server.network.ServerGamePacketListenerImpl/]: Z1lasaur lost connection: Disconnected
[15Jul2025 00:19:32.375] [Server thread/INFO] [net.minecraft.server.MinecraftServer/]: Z1lasaur left the game
[15Jul2025 00:24:34.661] [Server thread/INFO] [net.minecraft.server.MinecraftServer/]: Fresita_decaida was slain by Bison
[15Jul2025 00:25:20.772] [Server thread/INFO] [net.minecraft.server.players.PlayerList/]: Z1lasaur[/127.13.23.65:38511] logged in with entity id 51299 at (-8.5, 71.0, 10.5)
[15Jul2025 00:25:20.774] [Server thread/INFO] [net.minecraft.server.MinecraftServer/]: Z1lasaur joined the game
[15Jul2025 00:25:30.673] [Server thread/INFO] [net.minecraft.server.network.ServerGamePacketListenerImpl/]: Z1lasaur lost connection: Disconnected
[15Jul2025 00:25:30.673] [Server thread/INFO] [net.minecraft.server.MinecraftServer/]: Z1lasaur left the game
[15Jul2025 00:28:18.418] [Server thread/INFO] [net.minecraft.server.players.PlayerList/]: Z1lasaur[/127.13.23.65:38765] logged in with entity id 52425 at (-8.5, 71.0, 10.5)
[15Jul2025 00:28:18.421] [Server thread/INFO] [net.minecraft.server.MinecraftServer/]: Z1lasaur joined the game
[15Jul2025 00:28:28.790] [Server thread/INFO] [net.minecraft.server.network.ServerGamePacketListenerImpl/]: Z1lasaur lost connection: Disconnected
[15Jul2025 00:28:28.790] [Server thread/INFO] [net.minecraft.server.MinecraftServer/]: Z1lasaur left the game
[15Jul2025 00:29:02.121] [Server thread/INFO] [net.minecraft.server.MinecraftServer/]: Fresita_decaida has made the advancement [Ice Bucket Challenge]
[15Jul2025 00:32:38.230] [Server thread/INFO] [net.minecraft.server.MinecraftServer/]: Fresita_decaida was shot by Missionary
[15Jul2025 00:33:33.963] [Server thread/INFO] [net.minecraft.server.MinecraftServer/]: Fresita_decaida was slain by Nightmare Stalker
[15Jul2025 00:34:18.418] [Server thread/INFO] [net.minecraft.server.MinecraftServer/]: Fresita_decaida was slain by Nightmare Stalker
[15Jul2025 00:35:29.367] [Server thread/INFO] [net.minecraft.server.MinecraftServer/]: Fresita_decaida was slain by Nightmare Stalker
[15Jul2025 00:35:37.039] [Server thread/INFO] [net.minecraft.server.MinecraftServer/]: [Not Secure] <xUNIx10> que esta pasando xd
[15Jul2025 00:35:58.369] [Server thread/INFO] [net.minecraft.server.network.ServerGamePacketListenerImpl/]: Fresita_decaida lost connection: Disconnected
[15Jul2025 00:35:58.369] [Server thread/INFO] [net.minecraft.server.MinecraftServer/]: Fresita_decaida left the game
[15Jul2025 00:36:46.069] [Server thread/INFO] [net.minecraft.server.MinecraftServer/]: xUNIx10 was doomed to fall by Dark Vortex
[15Jul2025 00:37:20.760] [Server thread/INFO] [net.minecraft.server.MinecraftServer/]: xUNIx10 drowned
[15Jul2025 01:00:25.822] [Netty Epoll Server IO #2/ERROR] [net.minecraftforge.network.NetworkRegistry/NETREGISTRY]: Channels [lionfishapi:main_channel,aquamirae:main,alexsmobs:main_channel,legendary_monsters:main_channel,sophisticatedbackpacks:channel,ic_air:main,citadel:main_channel,born_in_chaos_v1:born_in_chaos_v1,sophisticatedcore:channel,obscure_api:obscure_api,caelus:main,curios:main,minecraft:treechop-channel,geckolib:main,waystones:network,cataclysm:main_channel] rejected their client side version number
[15Jul2025 01:00:25.822] [Netty Epoll Server IO #2/ERROR] [net.minecraftforge.network.HandshakeHandler/FMLHANDSHAKE]: Terminating connection with client, mismatched mod list
[15Jul2025 01:00:25.859] [Server thread/INFO] [net.minecraft.server.network.ServerLoginPacketListenerImpl/]: com.mojang.authlib.GameProfile@3e14f5f0[id=<null>,name=zilasaur,properties={},legacy=false] (/127.13.23.65:40225) lost connection: Connection closed - mismatched mod channel list
[15Jul2025 01:00:31.032] [Server thread/INFO] [net.minecraft.server.MinecraftServer/]: xUNIx10 has made the advancement [What a Deal!]
[15Jul2025 01:00:39.888] [Netty Epoll Server IO #3/ERROR] [net.minecraftforge.network.NetworkRegistry/NETREGISTRY]: Channels [lionfishapi:main_channel,aquamirae:main,alexsmobs:main_channel,legendary_monsters:main_channel,sophisticatedbackpacks:channel,ic_air:main,citadel:main_channel,born_in_chaos_v1:born_in_chaos_v1,sophisticatedcore:channel,obscure_api:obscure_api,caelus:main,curios:main,minecraft:treechop-channel,geckolib:main,waystones:network,cataclysm:main_channel] rejected their client side version number
[15Jul2025 01:00:39.889] [Netty Epoll Server IO #3/ERROR] [net.minecraftforge.network.HandshakeHandler/FMLHANDSHAKE]: Terminating connection with client, mismatched mod list
[15Jul2025 01:00:39.907] [Server thread/INFO] [net.minecraft.server.network.ServerLoginPacketListenerImpl/]: com.mojang.authlib.GameProfile@67e13574[id=<null>,name=zilasaur,properties={},legacy=false] (/127.13.23.65:43465) lost connection: Connection closed - mismatched mod channel list
[15Jul2025 01:01:46.795] [Netty Epoll Server IO #4/ERROR] [net.minecraftforge.network.NetworkRegistry/NETREGISTRY]: Channels [lionfishapi:main_channel,aquamirae:main,alexsmobs:main_channel,legendary_monsters:main_channel,sophisticatedbackpacks:channel,ic_air:main,citadel:main_channel,born_in_chaos_v1:born_in_chaos_v1,sophisticatedcore:channel,obscure_api:obscure_api,caelus:main,curios:main,minecraft:treechop-channel,geckolib:main,waystones:network,cataclysm:main_channel] rejected their client side version number
[15Jul2025 01:01:46.795] [Netty Epoll Server IO #4/ERROR] [net.minecraftforge.network.HandshakeHandler/FMLHANDSHAKE]: Terminating connection with client, mismatched mod list
[15Jul2025 01:01:46.810] [Server thread/INFO] [net.minecraft.server.network.ServerLoginPacketListenerImpl/]: com.mojang.authlib.GameProfile@7a0b980b[id=<null>,name=zilasaur,properties={},legacy=false] (/127.13.23.65:47529) lost connection: Connection closed - mismatched mod channel list
[15Jul2025 01:05:08.158] [Server thread/INFO] [net.minecraft.server.network.ServerLoginPacketListenerImpl/]: com.mojang.authlib.GameProfile@4527df80[id=<null>,name=zilasaur,properties={},legacy=false] (/127.13.23.65:51117) lost connection: Disconnected
[15Jul2025 01:05:14.991] [Netty Epoll Server IO #6/ERROR] [net.minecraftforge.network.NetworkRegistry/NETREGISTRY]: Channels [lionfishapi:main_channel,aquamirae:main,alexsmobs:main_channel,legendary_monsters:main_channel,sophisticatedbackpacks:channel,ic_air:main,citadel:main_channel,born_in_chaos_v1:born_in_chaos_v1,sophisticatedcore:channel,obscure_api:obscure_api,caelus:main,curios:main,minecraft:treechop-channel,geckolib:main,waystones:network,cataclysm:main_channel] rejected their client side version number
[15Jul2025 01:05:14.991] [Netty Epoll Server IO #6/ERROR] [net.minecraftforge.network.HandshakeHandler/FMLHANDSHAKE]: Terminating connection with client, mismatched mod list
[15Jul2025 01:05:15.008] [Server thread/INFO] [net.minecraft.server.network.ServerLoginPacketListenerImpl/]: com.mojang.authlib.GameProfile@71fa2b64[id=<null>,name=zilasaur,properties={},legacy=false] (/127.13.23.65:46611) lost connection: Connection closed - mismatched mod channel list
[15Jul2025 01:07:24.561] [Server thread/INFO] [net.minecraft.server.players.PlayerList/]: zilasaur[/127.13.23.65:58197] logged in with entity id 106199 at (8.5, 88.0, 0.5)
[15Jul2025 01:07:24.565] [Server thread/INFO] [net.minecraft.server.MinecraftServer/]: zilasaur joined the game
[15Jul2025 01:07:29.116] [Server thread/INFO] [net.minecraft.server.network.ServerGamePacketListenerImpl/]: zilasaur lost connection: Disconnected
[15Jul2025 01:07:29.117] [Server thread/INFO] [net.minecraft.server.MinecraftServer/]: zilasaur left the game
[15Jul2025 01:11:14.309] [Server thread/INFO] [net.minecraft.server.network.ServerGamePacketListenerImpl/]: xUNIx10 lost connection: Disconnected
[15Jul2025 01:11:14.309] [Server thread/INFO] [net.minecraft.server.MinecraftServer/]: xUNIx10 left the game
[15Jul2025 01:11:38.300] [Server thread/INFO] [net.minecraft.server.MinecraftServer/]: Stopping the server
[15Jul2025 01:11:38.349] [Server thread/INFO] [net.minecraft.server.MinecraftServer/]: Stopping server
[15Jul2025 01:11:38.350] [Server thread/INFO] [net.minecraft.server.MinecraftServer/]: Saving players
[15Jul2025 01:11:38.350] [Server thread/INFO] [net.minecraft.server.MinecraftServer/]: Saving worlds
[15Jul2025 01:11:38.426] [Server thread/INFO] [net.minecraft.server.MinecraftServer/]: Saving chunks for level 'ServerWorld minecraft:overworld world'/minecraft:overworld
[15Jul2025 01:11:38.519] [Server thread/INFO] [net.minecraft.server.MinecraftServer/]: Saving chunks for level 'ServerWorld immersive_portals:alternate1 world'/immersive_portals:alternate1
[15Jul2025 01:11:38.520] [Server thread/INFO] [net.minecraft.server.MinecraftServer/]: Saving chunks for level 'ServerWorld immersive_portals:alternate3 world'/immersive_portals:alternate3
[15Jul2025 01:11:38.521] [Server thread/INFO] [net.minecraft.server.MinecraftServer/]: Saving chunks for level 'ServerWorld immersive_portals:alternate4 world'/immersive_portals:alternate4
[15Jul2025 01:11:38.523] [Server thread/INFO] [net.minecraft.server.MinecraftServer/]: Saving chunks for level 'ServerWorld immersive_portals:alternate5 world'/immersive_portals:alternate5
[15Jul2025 01:11:38.523] [Server thread/INFO] [net.minecraft.server.MinecraftServer/]: Saving chunks for level 'ServerWorld minecraft:the_end world'/minecraft:the_end
[15Jul2025 01:11:38.524] [Server thread/INFO] [net.minecraft.server.MinecraftServer/]: Saving chunks for level 'ServerWorld immersive_portals:alternate2 world'/immersive_portals:alternate2
[15Jul2025 01:11:38.525] [Server thread/INFO] [net.minecraft.server.MinecraftServer/]: Saving chunks for level 'ServerWorld minecraft:the_nether world'/minecraft:the_nether
[15Jul2025 01:11:38.549] [Server thread/INFO] [net.minecraft.server.MinecraftServer/]: ThreadedAnvilChunkStorage (world): All chunks are saved
[15Jul2025 01:11:38.549] [Server thread/INFO] [net.minecraft.server.MinecraftServer/]: ThreadedAnvilChunkStorage (alternate1): All chunks are saved
[15Jul2025 01:11:38.549] [Server thread/INFO] [net.minecraft.server.MinecraftServer/]: ThreadedAnvilChunkStorage (alternate3): All chunks are saved
[15Jul2025 01:11:38.549] [Server thread/INFO] [net.minecraft.server.MinecraftServer/]: ThreadedAnvilChunkStorage (alternate4): All chunks are saved
[15Jul2025 01:11:38.549] [Server thread/INFO] [net.minecraft.server.MinecraftServer/]: ThreadedAnvilChunkStorage (alternate5): All chunks are saved
[15Jul2025 01:11:38.549] [Server thread/INFO] [net.minecraft.server.MinecraftServer/]: ThreadedAnvilChunkStorage (DIM1): All chunks are saved
[15Jul2025 01:11:38.549] [Server thread/INFO] [net.minecraft.server.MinecraftServer/]: ThreadedAnvilChunkStorage (alternate2): All chunks are saved
[15Jul2025 01:11:38.549] [Server thread/INFO] [net.minecraft.server.MinecraftServer/]: ThreadedAnvilChunkStorage (DIM-1): All chunks are saved
[15Jul2025 01:11:38.550] [Server thread/INFO] [net.minecraft.server.MinecraftServer/]: ThreadedAnvilChunkStorage: All dimensions are saved
